2024-11-20 20:36:57,838 [INFO] Activator:176 - 


2024-11-20 20:36:57,840 [INFO] Activator:177 - !SESSION log4j initialized
2024-11-20 20:37:00,706 [INFO] LogOutputStream:77 - [STDOUT_REDIRECT] 
2024-11-20 20:37:03,420 [INFO] ApplicationProperties:184 - Using Application install path: /opt/st/stm32cubeide_1.15.1/plugins/com.st.stm32cube.common.mx_6.11.1.202404110753
2024-11-20 20:37:03,437 [INFO] DbMcusXml:78 - Set database path to: /opt/st/stm32cubeide_1.15.1/plugins/com.st.stm32cube.common.mx_6.11.1.202404110753//db//mcu/
2024-11-20 20:37:03,437 [INFO] ApiDb:274 - Set plugin database path to: /opt/st/stm32cubeide_1.15.1/plugins/com.st.stm32cube.common.mx_6.11.1.202404110753//db//plugins/boardmanager/
2024-11-20 20:37:03,437 [WARN] ApiDb:259 - Overriding images path with different value:  => /opt/st/stm32cubeide_1.15.1/plugins/com.st.stm32cube.common.mx_6.11.1.202404110753//db//plugins/mcufinder/images/
2024-11-20 20:37:03,447 [INFO] ApiDb:250 - Set database path to: /home/felipe/.stmcufinder/plugins/mcufinder//mcu/
2024-11-20 20:37:03,448 [INFO] DbMcusAds:125 - Set database path to: /home/felipe/.stmcufinder/plugins/mcufinder//mcu/
2024-11-20 20:37:03,451 [INFO] CrossReferenceDbSqlite:203 - Set database path to: /home/felipe/.stmcufinder/plugins/mcufinder//mcu/cs/
2024-11-20 20:37:03,556 [INFO] RulesReader:64 - Compatibility file has been processed (297 Rules)
2024-11-20 20:37:03,609 [INFO] DbMcusXml:78 - Set database path to: /opt/st/stm32cubeide_1.15.1/plugins/com.st.stm32cube.common.mx_6.11.1.202404110753//db//mcu/
2024-11-20 20:37:03,609 [INFO] ApiDb:274 - Set plugin database path to: /opt/st/stm32cubeide_1.15.1/plugins/com.st.stm32cube.common.mx_6.11.1.202404110753//db//plugins/boardmanager/
2024-11-20 20:37:03,609 [INFO] ApiDb:261 - Set plugin images path to: /opt/st/stm32cubeide_1.15.1/plugins/com.st.stm32cube.common.mx_6.11.1.202404110753//db//plugins/mcufinder/images/
2024-11-20 20:37:03,610 [WARN] DbFile:41 - Overriding database path with different value: /home/felipe/.stmcufinder/plugins/mcufinder/ => /home/felipe/.stmcufinder/plugins/mcufinder
2024-11-20 20:37:03,610 [INFO] ApiDb:250 - Set database path to: /home/felipe/.stmcufinder/plugins/mcufinder//mcu/
2024-11-20 20:37:03,610 [WARN] DbFile:41 - Overriding database path with different value: /home/felipe/.stmcufinder/plugins/mcufinder/ => /home/felipe/.stmcufinder/plugins/mcufinder
2024-11-20 20:37:03,610 [INFO] DbMcusAds:125 - Set database path to: /home/felipe/.stmcufinder/plugins/mcufinder//mcu/
2024-11-20 20:37:03,610 [WARN] DbFile:41 - Overriding database path with different value: /home/felipe/.stmcufinder/plugins/mcufinder/ => /home/felipe/.stmcufinder/plugins/mcufinder
2024-11-20 20:37:03,610 [WARN] DbFile:41 - Overriding database path with different value: /home/felipe/.stmcufinder/plugins/mcufinder/ => /home/felipe/.stmcufinder/plugins/mcufinder
2024-11-20 20:37:03,610 [INFO] CrossReferenceDbSqlite:203 - Set database path to: /home/felipe/.stmcufinder/plugins/mcufinder//mcu/cs/
2024-11-20 20:37:03,672 [INFO] MainPanel:264 - HeapMemory: 268435456
2024-11-20 20:37:03,762 [INFO] DbMcusXml:78 - Set database path to: /opt/st/stm32cubeide_1.15.1/plugins/com.st.stm32cube.common.mx_6.11.1.202404110753//db//mcu/
2024-11-20 20:37:03,762 [INFO] ApiDb:274 - Set plugin database path to: /opt/st/stm32cubeide_1.15.1/plugins/com.st.stm32cube.common.mx_6.11.1.202404110753//db//plugins/boardmanager/
2024-11-20 20:37:03,762 [INFO] ApiDb:261 - Set plugin images path to: /opt/st/stm32cubeide_1.15.1/plugins/com.st.stm32cube.common.mx_6.11.1.202404110753//db//plugins/mcufinder/images/
2024-11-20 20:37:03,762 [WARN] DbFile:41 - Overriding database path with different value: /home/felipe/.stmcufinder/plugins/mcufinder/ => /home/felipe/.stmcufinder/plugins/mcufinder
2024-11-20 20:37:03,762 [INFO] ApiDb:250 - Set database path to: /home/felipe/.stmcufinder/plugins/mcufinder//mcu/
2024-11-20 20:37:03,762 [WARN] DbFile:41 - Overriding database path with different value: /home/felipe/.stmcufinder/plugins/mcufinder/ => /home/felipe/.stmcufinder/plugins/mcufinder
2024-11-20 20:37:03,763 [INFO] DbMcusAds:125 - Set database path to: /home/felipe/.stmcufinder/plugins/mcufinder//mcu/
2024-11-20 20:37:03,763 [WARN] DbFile:41 - Overriding database path with different value: /home/felipe/.stmcufinder/plugins/mcufinder/ => /home/felipe/.stmcufinder/plugins/mcufinder
2024-11-20 20:37:03,763 [WARN] DbFile:41 - Overriding database path with different value: /home/felipe/.stmcufinder/plugins/mcufinder/ => /home/felipe/.stmcufinder/plugins/mcufinder
2024-11-20 20:37:03,763 [INFO] CrossReferenceDbSqlite:203 - Set database path to: /home/felipe/.stmcufinder/plugins/mcufinder//mcu/cs/
2024-11-20 20:37:03,776 [INFO] ApplicationProperties:184 - Using Application install path: /opt/st/stm32cubeide_1.15.1/plugins/com.st.stm32cube.common.mx_6.11.1.202404110753
2024-11-20 20:37:03,777 [INFO] PluginManage:196 - Search for loadable plugins [exclusion list=, ]
2024-11-20 20:37:03,778 [INFO] PluginManage:310 - Check plugin analytics
2024-11-20 20:37:03,907 [INFO] AnalyticsPlugin:253 - Accepted Software Licenses: 
2024-11-20 20:37:03,908 [INFO] AnalyticsPlugin:255 - Accepted CMSIS Pack Licenses: 
2024-11-20 20:37:03,908 [INFO] AnalyticsPlugin:257 - Accepted Firmware Licenses: FW.F4.1.28.0
2024-11-20 20:37:03,910 [INFO] PluginManage:359 - Loaded plugin analytics (category:tool,tabindex:-1)
2024-11-20 20:37:03,912 [INFO] PluginManage:310 - Check plugin cadmodel
2024-11-20 20:37:03,948 [INFO] CADModel:105 - Init CAD model plugin
2024-11-20 20:37:03,948 [INFO] PluginManage:359 - Loaded plugin cadmodel (category:power,tabindex:5)
2024-11-20 20:37:03,949 [INFO] PluginManage:310 - Check plugin clock
2024-11-20 20:37:03,960 [INFO] PluginManage:359 - Loaded plugin clock (category:base,tabindex:2)
2024-11-20 20:37:03,960 [INFO] PluginManage:310 - Check plugin ddr
2024-11-20 20:37:03,974 [INFO] PluginManage:359 - Loaded plugin ddr (category:tool,tabindex:6)
2024-11-20 20:37:03,975 [INFO] PluginManage:310 - Check plugin filemanager
2024-11-20 20:37:04,104 [INFO] PluginManage:359 - Loaded plugin filemanager (category:base,tabindex:10)
2024-11-20 20:37:04,104 [INFO] PluginManage:310 - Check plugin ipmanager
2024-11-20 20:37:04,109 [INFO] PluginManage:359 - Loaded plugin ipmanager (category:base,tabindex:5)
2024-11-20 20:37:04,110 [INFO] PluginManage:310 - Check plugin lpbam
2024-11-20 20:37:04,120 [INFO] PluginManage:359 - Loaded plugin lpbam (category:base,tabindex:0)
2024-11-20 20:37:04,120 [INFO] PluginManage:310 - Check plugin memorymap
2024-11-20 20:37:04,133 [INFO] PluginManage:359 - Loaded plugin memorymap (category:base,tabindex:4)
2024-11-20 20:37:04,133 [INFO] PluginManage:310 - Check plugin pinoutandconfiguration
2024-11-20 20:37:04,141 [INFO] PluginManage:359 - Loaded plugin pinoutandconfiguration (category:base,tabindex:1)
2024-11-20 20:37:04,141 [INFO] PluginManage:310 - Check plugin pinoutconfig
2024-11-20 20:37:04,208 [WARN] SupportedApi:132 - Cannot load RTOS API schema: s4s-elt-must-match.1: The content of 'definitions' must match (annotation?, (simpleType | complexType)?, (unique | key | keyref)*)). A problem was found starting at: attribute.
2024-11-20 20:37:04,346 [INFO] PluginManage:359 - Loaded plugin pinoutconfig (category:base,tabindex:0)
2024-11-20 20:37:04,347 [INFO] PluginManage:310 - Check plugin power
2024-11-20 20:37:04,356 [INFO] PluginManage:359 - Loaded plugin power (category:power,tabindex:4)
2024-11-20 20:37:04,357 [INFO] PluginManage:310 - Check plugin projectmanager
2024-11-20 20:37:04,369 [INFO] PluginManage:359 - Loaded plugin projectmanager (category:projectmanager,tabindex:3)
2024-11-20 20:37:04,369 [INFO] PluginManage:310 - Check plugin thirdparty
2024-11-20 20:37:04,483 [WARN] IntegrityCheckThread:84 - waiting for thirdparty lock release [integrity check]
2024-11-20 20:37:04,483 [INFO] IntegrityCheckThread:86 - entering critical section [integrity check]
2024-11-20 20:37:04,484 [INFO] ThirdPartyUpdaterWithRetryManager:70 - Updater plugin not ready yet. [1/15]
2024-11-20 20:37:04,484 [INFO] PluginManage:359 - Loaded plugin thirdparty (category:base,tabindex:-1)
2024-11-20 20:37:04,484 [INFO] PluginManage:310 - Check plugin tools
2024-11-20 20:37:04,486 [INFO] PluginManage:359 - Loaded plugin tools (category:base,tabindex:7)
2024-11-20 20:37:04,486 [INFO] PluginManage:310 - Check plugin tutovideos
2024-11-20 20:37:04,627 [INFO] PluginManage:359 - Loaded plugin tutovideos (category:base,tabindex:-1)
2024-11-20 20:37:04,627 [INFO] PluginManage:310 - Check plugin updater
2024-11-20 20:37:04,640 [INFO] PluginManage:359 - Loaded plugin updater (category:base,tabindex:12)
2024-11-20 20:37:04,640 [INFO] PluginManage:310 - Check plugin userauth
2024-11-20 20:37:04,646 [INFO] UserAuth:114 - Init User Auth plugin
2024-11-20 20:37:04,646 [INFO] PluginManage:359 - Loaded plugin userauth (category:base,tabindex:14)
2024-11-20 20:37:04,646 [INFO] PluginManage:283 - PluginManage : Loaded plugins [17]
2024-11-20 20:37:04,808 [INFO] PinOutPanel:1561 - setPackage(No Configuration,No Configuration)
2024-11-20 20:37:04,865 [INFO] CADModel:165 - CPN selected for project level
2024-11-20 20:37:04,865 [INFO] CADModel:114 - Register for checkConnection events
2024-11-20 20:37:04,874 [INFO] IPUIPlugin:80 - create IPUIPlugin
2024-11-20 20:37:04,874 [INFO] PluginManager:220 - loadIPPluginJar : add ts
2024-11-20 20:37:04,877 [INFO] IPUIPlugin:80 - create IPUIPlugin
2024-11-20 20:37:04,878 [INFO] PluginManager:220 - loadIPPluginJar : add usart
2024-11-20 20:37:04,879 [INFO] IPUIPlugin:80 - create IPUIPlugin
2024-11-20 20:37:04,879 [INFO] PluginManager:220 - loadIPPluginJar : add i2s
2024-11-20 20:37:04,883 [INFO] IPUIPlugin:80 - create IPUIPlugin
2024-11-20 20:37:04,883 [INFO] PluginManager:220 - loadIPPluginJar : add gic
2024-11-20 20:37:04,886 [INFO] IPUIPlugin:80 - create IPUIPlugin
2024-11-20 20:37:04,886 [INFO] PluginManager:220 - loadIPPluginJar : add gtzc
2024-11-20 20:37:04,892 [INFO] IPUIPlugin:80 - create IPUIPlugin
2024-11-20 20:37:04,892 [INFO] PluginManager:220 - loadIPPluginJar : add linkedlist
2024-11-20 20:37:04,894 [INFO] IPUIPlugin:80 - create IPUIPlugin
2024-11-20 20:37:04,894 [INFO] PluginManager:220 - loadIPPluginJar : add dma3
2024-11-20 20:37:04,899 [INFO] IPUIPlugin:80 - create IPUIPlugin
2024-11-20 20:37:04,900 [INFO] PluginManager:220 - loadIPPluginJar : add plateformsettings
2024-11-20 20:37:04,902 [INFO] IPUIPlugin:80 - create IPUIPlugin
2024-11-20 20:37:04,902 [INFO] PluginManager:220 - loadIPPluginJar : add tsc
2024-11-20 20:37:04,903 [INFO] IPUIPlugin:80 - create IPUIPlugin
2024-11-20 20:37:04,903 [INFO] PluginManager:220 - loadIPPluginJar : add genericplugin
2024-11-20 20:37:04,904 [INFO] IPUIPlugin:80 - create IPUIPlugin
2024-11-20 20:37:04,904 [INFO] PluginManager:220 - loadIPPluginJar : add hash
2024-11-20 20:37:04,906 [INFO] IPUIPlugin:80 - create IPUIPlugin
2024-11-20 20:37:04,907 [INFO] PluginManager:220 - loadIPPluginJar : add aes
2024-11-20 20:37:04,908 [INFO] IPUIPlugin:80 - create IPUIPlugin
2024-11-20 20:37:04,908 [INFO] PluginManager:220 - loadIPPluginJar : add tim
2024-11-20 20:37:04,910 [INFO] IPUIPlugin:80 - create IPUIPlugin
2024-11-20 20:37:04,911 [INFO] PluginManager:220 - loadIPPluginJar : add gfxmmu
2024-11-20 20:37:04,912 [INFO] IPUIPlugin:80 - create IPUIPlugin
2024-11-20 20:37:04,912 [INFO] PluginManager:220 - loadIPPluginJar : add ucpd
2024-11-20 20:37:04,917 [INFO] IPUIPlugin:80 - create IPUIPlugin
2024-11-20 20:37:04,917 [INFO] PluginManager:220 - loadIPPluginJar : add stm32_wpan
2024-11-20 20:37:04,919 [INFO] IPUIPlugin:80 - create IPUIPlugin
2024-11-20 20:37:04,919 [INFO] PluginManager:220 - loadIPPluginJar : add tracer_emb
2024-11-20 20:37:04,920 [INFO] IPUIPlugin:80 - create IPUIPlugin
2024-11-20 20:37:04,921 [INFO] PluginManager:220 - loadIPPluginJar : add fatfs
2024-11-20 20:37:04,926 [INFO] IPUIPlugin:80 - create IPUIPlugin
2024-11-20 20:37:04,927 [INFO] PluginManager:220 - loadIPPluginJar : add freertos
2024-11-20 20:37:04,929 [INFO] IPUIPlugin:80 - create IPUIPlugin
2024-11-20 20:37:04,929 [INFO] PluginManager:220 - loadIPPluginJar : add extmemmanager
2024-11-20 20:37:04,931 [INFO] IPUIPlugin:80 - create IPUIPlugin
2024-11-20 20:37:04,931 [INFO] PluginManager:220 - loadIPPluginJar : add openamp
2024-11-20 20:37:04,933 [INFO] IPUIPlugin:80 - create IPUIPlugin
2024-11-20 20:37:04,933 [INFO] PluginManager:220 - loadIPPluginJar : add touchsensing
2024-11-20 20:37:04,935 [INFO] IPUIPlugin:80 - create IPUIPlugin
2024-11-20 20:37:04,935 [INFO] PluginManager:220 - loadIPPluginJar : add ltdc
2024-11-20 20:37:04,936 [INFO] IPUIPlugin:80 - create IPUIPlugin
2024-11-20 20:37:04,936 [INFO] PluginManager:220 - loadIPPluginJar : add comp
2024-11-20 20:37:04,938 [INFO] IPUIPlugin:80 - create IPUIPlugin
2024-11-20 20:37:04,938 [INFO] PluginManager:220 - loadIPPluginJar : add opamp
2024-11-20 20:37:04,941 [INFO] IPUIPlugin:80 - create IPUIPlugin
2024-11-20 20:37:04,941 [INFO] PluginManager:220 - loadIPPluginJar : add can
2024-11-20 20:37:04,944 [INFO] IPUIPlugin:80 - create IPUIPlugin
2024-11-20 20:37:04,945 [INFO] PluginManager:220 - loadIPPluginJar : add sai
2024-11-20 20:37:04,946 [INFO] IPUIPlugin:80 - create IPUIPlugin
2024-11-20 20:37:04,946 [INFO] PluginManager:220 - loadIPPluginJar : add quadspi
2024-11-20 20:37:04,948 [INFO] IPUIPlugin:80 - create IPUIPlugin
2024-11-20 20:37:04,948 [INFO] PluginManager:220 - loadIPPluginJar : add cryp
2024-11-20 20:37:04,950 [INFO] IPUIPlugin:80 - create IPUIPlugin
2024-11-20 20:37:04,950 [INFO] PluginManager:220 - loadIPPluginJar : add lorawan
2024-11-20 20:37:04,954 [INFO] IPUIPlugin:80 - create IPUIPlugin
2024-11-20 20:37:04,954 [INFO] PluginManager:220 - loadIPPluginJar : add gpio
2024-11-20 20:37:04,959 [INFO] IPUIPlugin:80 - create IPUIPlugin
2024-11-20 20:37:04,959 [INFO] PluginManager:220 - loadIPPluginJar : add nvic
2024-11-20 20:37:04,961 [INFO] IPUIPlugin:80 - create IPUIPlugin
2024-11-20 20:37:04,961 [INFO] PluginManager:220 - loadIPPluginJar : add pdm2pcm
2024-11-20 20:37:04,965 [INFO] IPUIPlugin:80 - create IPUIPlugin
2024-11-20 20:37:04,965 [INFO] PluginManager:220 - loadIPPluginJar : add resmgrutility
2024-11-20 20:37:04,970 [INFO] IPUIPlugin:80 - create IPUIPlugin
2024-11-20 20:37:04,971 [INFO] PluginManager:220 - loadIPPluginJar : add dma
2024-11-20 20:37:04,976 [INFO] IPUIPlugin:80 - create IPUIPlugin
2024-11-20 20:37:04,977 [INFO] PluginManager:220 - loadIPPluginJar : add adc
2024-11-20 20:37:04,979 [INFO] IPUIPlugin:80 - create IPUIPlugin
2024-11-20 20:37:04,979 [INFO] PluginManager:220 - loadIPPluginJar : add i3c
2024-11-20 20:37:04,981 [INFO] IPUIPlugin:80 - create IPUIPlugin
2024-11-20 20:37:04,981 [INFO] PluginManager:220 - loadIPPluginJar : add ipddr
2024-11-20 20:37:04,983 [INFO] IPUIPlugin:80 - create IPUIPlugin
2024-11-20 20:37:04,983 [INFO] PluginManager:220 - loadIPPluginJar : add i2c
2024-11-20 20:37:04,986 [INFO] IPUIPlugin:80 - create IPUIPlugin
2024-11-20 20:37:04,986 [INFO] PluginManager:220 - loadIPPluginJar : add usbx
2024-11-20 20:37:04,988 [INFO] IPUIPlugin:80 - create IPUIPlugin
2024-11-20 20:37:04,988 [INFO] PluginManager:220 - loadIPPluginJar : add spi
2024-11-20 20:37:04,993 [INFO] IPUIPlugin:80 - create IPUIPlugin
2024-11-20 20:37:04,993 [INFO] PluginManager:220 - loadIPPluginJar : add fmc
2024-11-20 20:37:04,999 [INFO] IPUIPlugin:80 - create IPUIPlugin
2024-11-20 20:37:04,999 [INFO] PluginManager:220 - loadIPPluginJar : add mdma
2024-11-20 20:37:05,001 [INFO] IPUIPlugin:80 - create IPUIPlugin
2024-11-20 20:37:05,001 [INFO] PluginManager:220 - loadIPPluginJar : add dfsdm
2024-11-20 20:37:05,103 [INFO] CADModel:165 - CPN selected for project level
2024-11-20 20:37:05,104 [INFO] CADModel:114 - Register for checkConnection events
2024-11-20 20:37:05,105 [FATAL] Updater:308 - Updater called before beeing initialized
2024-11-20 20:37:05,105 [ERROR] CADModel:125 - Updater not yet initialized, retry later 
2024-11-20 20:37:05,419 [INFO] CADModel:165 - CPN selected for project level
2024-11-20 20:37:05,419 [INFO] CADModel:114 - Register for checkConnection events
2024-11-20 20:37:05,419 [FATAL] Updater:308 - Updater called before beeing initialized
2024-11-20 20:37:05,419 [ERROR] CADModel:125 - Updater not yet initialized, retry later 
2024-11-20 20:37:05,422 [FATAL] Updater:308 - Updater called before beeing initialized
2024-11-20 20:37:05,498 [FATAL] Updater:308 - Updater called before beeing initialized
2024-11-20 20:37:05,502 [INFO] DbMcusAds:53 - JSON generation date=Thu May 16 06:22:00 UYT 2024 (1715851320667)
2024-11-20 20:37:05,502 [FATAL] Updater:308 - Updater called before beeing initialized
2024-11-20 20:37:05,534 [WARN] DetailPanel:346 - Failed to get advertising image, set to default
2024-11-20 20:37:05,605 [FATAL] Updater:308 - Updater called before beeing initialized
2024-11-20 20:37:05,606 [FATAL] Updater:308 - Updater called before beeing initialized
2024-11-20 20:37:05,606 [FATAL] Updater:308 - Updater called before beeing initialized
2024-11-20 20:37:05,607 [WARN] DetailPanel:346 - Failed to get advertising image, set to default
2024-11-20 20:37:05,607 [FATAL] Updater:308 - Updater called before beeing initialized
2024-11-20 20:37:05,632 [ERROR] Updater:1120 - MainUpdater not yet initialized. External WinMGr cannot be set.
2024-11-20 20:37:05,633 [INFO] Updater:1056 - Updater Version found : 6.11.1
2024-11-20 20:37:05,651 [INFO] ApplicationProperties:184 - Using Application install path: /opt/st/stm32cubeide_1.15.1/plugins/com.st.stm32cube.common.mx_6.11.1.202404110753
2024-11-20 20:37:05,665 [ERROR] LogOutputStream:75 - [STDERR_REDIRECT] Nov 20, 2024 8:37:05 PM java.util.prefs.FileSystemPreferences$2 run
2024-11-20 20:37:05,665 [ERROR] LogOutputStream:75 - [STDERR_REDIRECT] WARNING: Could not create system preferences directory. System preferences are unusable.
2024-11-20 20:37:05,665 [ERROR] LogOutputStream:75 - [STDERR_REDIRECT] 
2024-11-20 20:37:05,941 [INFO] MainUpdater:2873 - connection check result : 10
2024-11-20 20:37:05,943 [INFO] MainUpdater:290 - Updater Check For Update Now.
2024-11-20 20:37:05,943 [INFO] MicroXplorer:498 - Change Database Version : DB.6.0.111
2024-11-20 20:37:05,956 [INFO] McuFinderGlobals:63 - Set McuFinder mode to 2 (CubeIDE integrated)
2024-11-20 20:37:05,956 [INFO] UserAuth:179 - activating auth plugin
2024-11-20 20:37:05,963 [INFO] UserAuth:415 - Internet connection configuration mode: 1
2024-11-20 20:37:06,019 [INFO] JxBrowserEngine:152 - Initiate JxBrowser Engine with user profile folder
2024-11-20 20:37:06,187 [INFO] CheckServerUpdateThread:120 - End of CheckServer Thread
2024-11-20 20:37:07,492 [INFO] WebApp:161 - Instantiating new browser for Auth
2024-11-20 20:37:07,658 [WARN] PackLoader:240 - Cannot read IP mode file for STMicroelectronics.FP-ATR-ASTRA1.2.0.1
2024-11-20 20:37:07,668 [WARN] PackLoader:240 - Cannot read IP mode file for STMicroelectronics.X-CUBE-SMBUS.2.1.0
2024-11-20 20:37:07,681 [WARN] PackLoader:240 - Cannot read IP mode file for STMicroelectronics.X-CUBE-WB05N.1.1.0
2024-11-20 20:37:07,737 [WARN] PackLoader:240 - Cannot read IP mode file for STMicroelectronics.X-CUBE-AZRTOS-F7.1.1.0
2024-11-20 20:37:07,841 [WARN] PackLoader:240 - Cannot read IP mode file for STMicroelectronics.X-CUBE-MEMS1.11.0.0
2024-11-20 20:37:08,005 [WARN] PackLoader:240 - Cannot read IP mode file for STMicroelectronics.FP-SNS-FLIGHT1.5.0.2
2024-11-20 20:37:08,014 [WARN] PackLoader:240 - Cannot read IP mode file for STMicroelectronics.X-CUBE-DISPLAY.3.0.0
2024-11-20 20:37:08,021 [WARN] PackLoader:240 - Cannot read IP mode file for STMicroelectronics.X-CUBE-BLE1.7.0.0
2024-11-20 20:37:08,025 [WARN] PackLoader:240 - Cannot read IP mode file for STMicroelectronics.X-CUBE-NFC10.1.0.0
2024-11-20 20:37:08,034 [WARN] PackLoader:240 - Cannot read IP mode file for emotas.I-CUBE-CANOPEN.1.3.0
2024-11-20 20:37:08,045 [WARN] PackLoader:240 - Cannot read IP mode file for STMicroelectronics.X-CUBE-BLEMGR.3.1.0
2024-11-20 20:37:08,050 [WARN] PackLoader:240 - Cannot read IP mode file for STMicroelectronics.FP-SNS-SMARTAG2.1.2.0
2024-11-20 20:37:08,060 [INFO] LogOutputStream:77 - [STDOUT_REDIRECT] 1 : Invalid condition id : UX_CORESTACK_Condition cause : null
2024-11-20 20:37:08,061 [INFO] LogOutputStream:77 - [STDOUT_REDIRECT] 1 : Invalid condition id : UX_CORESTACK_Condition cause : null
2024-11-20 20:37:08,061 [INFO] LogOutputStream:77 - [STDOUT_REDIRECT] 1 : Invalid condition id : UX_CORESTACK_Condition cause : null
2024-11-20 20:37:08,061 [INFO] LogOutputStream:77 - [STDOUT_REDIRECT] 1 : Invalid condition id : UX_CORESTACK_Condition cause : null
2024-11-20 20:37:08,061 [INFO] LogOutputStream:77 - [STDOUT_REDIRECT] 1 : Invalid condition id : UX_CORESTACK_Condition cause : null
2024-11-20 20:37:08,063 [WARN] PackLoader:240 - Cannot read IP mode file for STMicroelectronics.X-CUBE-AZRTOS-WL.2.0.0
2024-11-20 20:37:08,066 [WARN] PackLoader:240 - Cannot read IP mode file for wolfSSL.I-CUBE-wolfMQTT.1.19.0
2024-11-20 20:37:08,072 [WARN] PackLoader:240 - Cannot read IP mode file for WES.I-CUBE-Cesium.1.3.0
2024-11-20 20:37:08,076 [WARN] PackLoader:240 - Cannot read IP mode file for STMicroelectronics.X-CUBE-BLE2.3.3.0
2024-11-20 20:37:08,093 [WARN] PackLoader:240 - Cannot read IP mode file for STMicroelectronics.X-CUBE-NFC9.1.0.0
2024-11-20 20:37:08,100 [WARN] PackLoader:240 - Cannot read IP mode file for STMicroelectronics.X-CUBE-TCPP.4.1.0
2024-11-20 20:37:08,121 [WARN] PackLoader:240 - Cannot read IP mode file for STMicroelectronics.X-CUBE-AZRTOS-G0.1.1.0
2024-11-20 20:37:08,138 [WARN] PackLoader:240 - Cannot read IP mode file for STMicroelectronics.X-CUBE-SAFEA1.1.2.2
2024-11-20 20:37:08,152 [WARN] PackLoader:240 - Cannot read IP mode file for STMicroelectronics.X-CUBE-NFC4.3.0.0
2024-11-20 20:37:08,162 [WARN] PackLoader:240 - Cannot read IP mode file for EmbeddedOffice.I-CUBE-FS-RTOS.1.0.1
2024-11-20 20:37:08,162 [ERROR] ConditionMgr:805 - Attr not supported : Dmpu
2024-11-20 20:37:08,162 [ERROR] ConditionMgr:805 - Attr not supported : Dmpu
2024-11-20 20:37:08,162 [ERROR] ConditionMgr:805 - Attr not supported : Dmpu
2024-11-20 20:37:08,162 [ERROR] ConditionMgr:805 - Attr not supported : Dmpu
2024-11-20 20:37:08,162 [ERROR] ConditionMgr:805 - Attr not supported : Dmpu
2024-11-20 20:37:08,162 [ERROR] ConditionMgr:805 - Attr not supported : Dmpu
2024-11-20 20:37:08,162 [ERROR] ConditionMgr:805 - Attr not supported : Dmpu
2024-11-20 20:37:08,162 [ERROR] ConditionMgr:805 - Attr not supported : Dmpu
2024-11-20 20:37:08,162 [ERROR] ConditionMgr:805 - Attr not supported : Dmpu
2024-11-20 20:37:08,162 [ERROR] ConditionMgr:805 - Attr not supported : Dmpu
2024-11-20 20:37:08,162 [ERROR] ConditionMgr:805 - Attr not supported : Dmpu
2024-11-20 20:37:08,162 [ERROR] ConditionMgr:805 - Attr not supported : Dmpu
2024-11-20 20:37:08,163 [ERROR] ConditionMgr:805 - Attr not supported : Dmpu
2024-11-20 20:37:08,163 [ERROR] ConditionMgr:805 - Attr not supported : Dmpu
2024-11-20 20:37:08,163 [ERROR] ConditionMgr:805 - Attr not supported : Dmpu
2024-11-20 20:37:08,163 [ERROR] ConditionMgr:805 - Attr not supported : Dmpu
2024-11-20 20:37:08,163 [ERROR] ConditionMgr:805 - Attr not supported : Dmpu
2024-11-20 20:37:08,163 [ERROR] ConditionMgr:805 - Attr not supported : Dmpu
2024-11-20 20:37:08,163 [ERROR] ConditionMgr:805 - Attr not supported : Dmpu
2024-11-20 20:37:08,163 [ERROR] ConditionMgr:805 - Attr not supported : Dmpu
2024-11-20 20:37:08,163 [ERROR] ConditionMgr:805 - Attr not supported : Dmpu
2024-11-20 20:37:08,163 [ERROR] ConditionMgr:805 - Attr not supported : Dmpu
2024-11-20 20:37:08,163 [ERROR] ConditionMgr:805 - Attr not supported : Dmpu
2024-11-20 20:37:08,163 [ERROR] ConditionMgr:805 - Attr not supported : Dmpu
2024-11-20 20:37:08,163 [ERROR] ConditionMgr:805 - Attr not supported : Dmpu
2024-11-20 20:37:08,163 [ERROR] ConditionMgr:805 - Attr not supported : Dmpu
2024-11-20 20:37:08,163 [ERROR] ConditionMgr:805 - Attr not supported : Dmpu
2024-11-20 20:37:08,163 [ERROR] ConditionMgr:805 - Attr not supported : Dmpu
2024-11-20 20:37:08,163 [ERROR] ConditionMgr:805 - Attr not supported : Dmpu
2024-11-20 20:37:08,163 [ERROR] ConditionMgr:805 - Attr not supported : Dmpu
2024-11-20 20:37:08,163 [ERROR] ConditionMgr:805 - Attr not supported : Dmpu
2024-11-20 20:37:08,163 [ERROR] ConditionMgr:805 - Attr not supported : Dmpu
2024-11-20 20:37:08,164 [ERROR] ConditionMgr:805 - Attr not supported : Dmpu
2024-11-20 20:37:08,164 [ERROR] ConditionMgr:805 - Attr not supported : Dmpu
2024-11-20 20:37:08,164 [ERROR] ConditionMgr:805 - Attr not supported : Dmpu
2024-11-20 20:37:08,164 [ERROR] ConditionMgr:805 - Attr not supported : Dmpu
2024-11-20 20:37:08,164 [ERROR] ConditionMgr:805 - Attr not supported : Dmpu
2024-11-20 20:37:08,164 [ERROR] ConditionMgr:805 - Attr not supported : Dmpu
2024-11-20 20:37:08,164 [ERROR] ConditionMgr:805 - Attr not supported : Dmpu
2024-11-20 20:37:08,164 [ERROR] ConditionMgr:805 - Attr not supported : Dmpu
2024-11-20 20:37:08,164 [ERROR] ConditionMgr:805 - Attr not supported : Dmpu
2024-11-20 20:37:08,164 [ERROR] ConditionMgr:805 - Attr not supported : Dmpu
2024-11-20 20:37:08,164 [ERROR] ConditionMgr:805 - Attr not supported : Dmpu
2024-11-20 20:37:08,164 [ERROR] ConditionMgr:805 - Attr not supported : Dmpu
2024-11-20 20:37:08,164 [ERROR] ConditionMgr:805 - Attr not supported : Dmpu
2024-11-20 20:37:08,164 [ERROR] ConditionMgr:805 - Attr not supported : Dmpu
2024-11-20 20:37:08,164 [ERROR] ConditionMgr:805 - Attr not supported : Dmpu
2024-11-20 20:37:08,165 [ERROR] ConditionMgr:805 - Attr not supported : Dmpu
2024-11-20 20:37:08,165 [ERROR] ConditionMgr:805 - Attr not supported : Dmpu
2024-11-20 20:37:08,165 [ERROR] ConditionMgr:805 - Attr not supported : Dmpu
2024-11-20 20:37:08,165 [ERROR] ConditionMgr:805 - Attr not supported : Dmpu
2024-11-20 20:37:08,165 [ERROR] ConditionMgr:805 - Attr not supported : Dmpu
2024-11-20 20:37:08,165 [ERROR] ConditionMgr:805 - Attr not supported : Dmpu
2024-11-20 20:37:08,165 [ERROR] ConditionMgr:805 - Attr not supported : Dmpu
2024-11-20 20:37:08,165 [ERROR] ConditionMgr:805 - Attr not supported : Dmpu
2024-11-20 20:37:08,165 [ERROR] ConditionMgr:805 - Attr not supported : Dmpu
2024-11-20 20:37:08,165 [ERROR] ConditionMgr:805 - Attr not supported : Dmpu
2024-11-20 20:37:08,165 [ERROR] ConditionMgr:805 - Attr not supported : Dmpu
2024-11-20 20:37:08,165 [ERROR] ConditionMgr:805 - Attr not supported : Dmpu
2024-11-20 20:37:08,165 [ERROR] ConditionMgr:805 - Attr not supported : Dmpu
2024-11-20 20:37:08,165 [ERROR] ConditionMgr:805 - Attr not supported : Dmpu
2024-11-20 20:37:08,165 [ERROR] ConditionMgr:805 - Attr not supported : Dmpu
2024-11-20 20:37:08,165 [ERROR] ConditionMgr:805 - Attr not supported : Dmpu
2024-11-20 20:37:08,166 [ERROR] ConditionMgr:805 - Attr not supported : Dmpu
2024-11-20 20:37:08,170 [WARN] PackLoader:240 - Cannot read IP mode file for RealThread.X-CUBE-RT-Thread_Nano.4.1.1
2024-11-20 20:37:08,177 [WARN] PackLoader:240 - Cannot read IP mode file for wolfSSL.I-CUBE-wolfSSL.5.7.0
2024-11-20 20:37:08,179 [WARN] PackLoader:240 - Cannot read IP mode file for STMicroelectronics.FP-ATR-SIGFOX1.3.2.0
2024-11-20 20:37:08,187 [WARN] ConditionMgr:438 - getConditionDescription Invalid condition id : Cortex-A Device cause : null
2024-11-20 20:37:08,203 [WARN] ConditionMgr:1039 - genDependencies : Invalid condition id : Cortex-A Device cause : null
2024-11-20 20:37:08,203 [WARN] ConditionMgr:1039 - genDependencies : Invalid condition id : Cortex-A Device cause : null
2024-11-20 20:37:08,203 [WARN] ConditionMgr:1039 - genDependencies : Invalid condition id : Cortex-A Device cause : null
2024-11-20 20:37:08,210 [WARN] PackLoader:240 - Cannot read IP mode file for STMicroelectronics.X-CUBE-EEPRMA1.5.1.0
2024-11-20 20:37:08,220 [WARN] PackLoader:240 - Cannot read IP mode file for ITTIA_DB.I-CUBE-ITTIADB.8.9.0
2024-11-20 20:37:08,263 [WARN] PackLoader:240 - Cannot read IP mode file for SEGGER.I-CUBE-embOS.1.3.1
2024-11-20 20:37:08,315 [WARN] PackLoader:240 - Cannot read IP mode file for STMicroelectronics.X-CUBE-ALGOBUILD.1.4.0
2024-11-20 20:37:08,330 [WARN] PackLoader:240 - Cannot read IP mode file for STMicroelectronics.X-CUBE-AI.9.1.0
2024-11-20 20:37:08,335 [WARN] PackLoader:240 - Cannot read IP mode file for STMicroelectronics.X-CUBE-GNSS1.6.0.0
2024-11-20 20:37:08,367 [WARN] PackLoader:240 - Cannot read IP mode file for STMicroelectronics.X-CUBE-AZRTOS-F4.1.1.0
2024-11-20 20:37:08,380 [WARN] PackLoader:240 - Cannot read IP mode file for STMicroelectronics.X-CUBE-ISPU.2.1.0
2024-11-20 20:37:08,399 [WARN] PackLoader:240 - Cannot read IP mode file for STMicroelectronics.X-CUBE-AZRTOS-L5.2.0.0
2024-11-20 20:37:08,406 [WARN] PackLoader:240 - Cannot read IP mode file for STMicroelectronics.X-CUBE-NFC6.3.1.0
2024-11-20 20:37:08,412 [WARN] PackLoader:240 - Cannot read IP mode file for STMicroelectronics.X-CUBE-DPower.1.2.0
2024-11-20 20:37:08,417 [WARN] PackLoader:240 - Cannot read IP mode file for STMicroelectronics.X-CUBE-AI.9.0.0
2024-11-20 20:37:08,424 [WARN] PackLoader:240 - Cannot read IP mode file for STMicroelectronics.X-CUBE-NFC7.1.0.1
2024-11-20 20:37:08,427 [WARN] PackLoader:240 - Cannot read IP mode file for wolfSSL.I-CUBE-wolfTPM.3.2.0
2024-11-20 20:37:08,444 [WARN] ConditionMgr:438 - getConditionDescription Invalid condition id : LAN8742 Phy interface Condition cause : null
2024-11-20 20:37:08,444 [WARN] PackLoader:240 - Cannot read IP mode file for STMicroelectronics.X-CUBE-AZRTOS-L4.2.0.0
2024-11-20 20:37:08,445 [WARN] ConditionMgr:1039 - genDependencies : Invalid condition id : LAN8742 Phy interface Condition cause : null
2024-11-20 20:37:08,446 [WARN] ConditionMgr:1039 - genDependencies : Invalid condition id : LAN8742 Phy interface Condition cause : null
2024-11-20 20:37:08,446 [WARN] ConditionMgr:1039 - genDependencies : Invalid condition id : LAN8742 Phy interface Condition cause : null
2024-11-20 20:37:08,451 [WARN] PackLoader:240 - Cannot read IP mode file for STMicroelectronics.X-CUBE-SFXS2LP1.4.0.0
2024-11-20 20:37:08,467 [WARN] PackLoader:240 - Cannot read IP mode file for STMicroelectronics.X-CUBE-AZRTOS-H7.3.3.0
2024-11-20 20:37:08,477 [WARN] PackLoader:240 - Cannot read IP mode file for STMicroelectronics.X-CUBE-IPS.3.0.0
2024-11-20 20:37:08,490 [WARN] ConditionMgr:438 - getConditionDescription Invalid condition id : UX DEVICE CLASS RTOS Condition cause : null
2024-11-20 20:37:08,490 [WARN] ConditionMgr:438 - getConditionDescription Invalid condition id : UX DEVICE CLASS RTOS Condition cause : null
2024-11-20 20:37:08,491 [WARN] PackLoader:240 - Cannot read IP mode file for STMicroelectronics.X-CUBE-AZRTOS-WB.2.0.0
2024-11-20 20:37:08,492 [WARN] ConditionMgr:1039 - genDependencies : Invalid condition id : UX DEVICE CLASS RTOS Condition cause : null
2024-11-20 20:37:08,492 [WARN] ConditionMgr:1039 - genDependencies : Invalid condition id : UX DEVICE CLASS RTOS Condition cause : null
2024-11-20 20:37:08,492 [WARN] ConditionMgr:1039 - genDependencies : Invalid condition id : UX DEVICE CLASS RTOS Condition cause : null
2024-11-20 20:37:08,493 [WARN] ConditionMgr:1039 - genDependencies : Invalid condition id : UX DEVICE CLASS RTOS Condition cause : null
2024-11-20 20:37:08,493 [WARN] ConditionMgr:1039 - genDependencies : Invalid condition id : UX DEVICE CLASS RTOS Condition cause : null
2024-11-20 20:37:08,496 [WARN] PackLoader:240 - Cannot read IP mode file for STMicroelectronics.X-CUBE-GNSS1.7.0.0
2024-11-20 20:37:08,501 [WARN] PackLoader:240 - Cannot read IP mode file for STMicroelectronics.FP-SNS-STBOX1.2.0.0
2024-11-20 20:37:08,509 [WARN] PackLoader:240 - Cannot read IP mode file for STMicroelectronics.X-CUBE-SUBG2.5.0.0
2024-11-20 20:37:08,514 [WARN] PackLoader:240 - Cannot read IP mode file for Cesanta.I-CUBE-Mongoose.7.13.0
2024-11-20 20:37:08,525 [WARN] PackLoader:240 - Cannot read IP mode file for STMicroelectronics.X-CUBE-AZRTOS-G4.2.0.0
2024-11-20 20:37:08,528 [WARN] PackLoader:240 - Cannot read IP mode file for STMicroelectronics.X-CUBE-ISPU.2.0.0
2024-11-20 20:37:08,555 [WARN] PackLoader:240 - Cannot read IP mode file for STMicroelectronics.X-CUBE-MEMS1.10.0.0
2024-11-20 20:37:08,606 [INFO] WebApp:779 - Register for checkConnection events
2024-11-20 20:37:08,606 [INFO] WebApp:414 - Apply proxy settings
2024-11-20 20:37:08,606 [INFO] WebApp:499 - Chromium requires no authentication
2024-11-20 20:37:08,611 [INFO] WebApp:442 - Direct internet connection detected
2024-11-20 20:37:08,664 [WARN] PackLoader:240 - Cannot read IP mode file for STMicroelectronics.X-CUBE-TOUCHGFX.4.24.0
2024-11-20 20:37:08,666 [WARN] PackLoader:240 - Cannot read IP mode file for STMicroelectronics.X-CUBE-TOUCHGFX.4.24.1
2024-11-20 20:37:08,669 [WARN] PackLoader:240 - Cannot read IP mode file for portGmbH.I-Cube-SoM-uGOAL.1.1.0
2024-11-20 20:37:08,683 [WARN] PackLoader:240 - Cannot read IP mode file for STMicroelectronics.X-CUBE-AZRTOS-H7RS.1.0.0
2024-11-20 20:37:08,691 [WARN] PackLoader:240 - Cannot read IP mode file for STMicroelectronics.FP-ATR-ASTRA1.2.0.0
2024-11-20 20:37:08,698 [WARN] PackLoader:240 - Cannot read IP mode file for STMicroelectronics.X-CUBE-TOF1.3.4.2
2024-11-20 20:37:08,714 [WARN] PackLoader:240 - Cannot read IP mode file for STMicroelectronics.X-CUBE-TOF1.3.4.1
2024-11-20 20:37:08,745 [WARN] PackLoader:240 - Cannot read IP mode file for STMicroelectronics.X-CUBE-AZRTOS-H7.3.2.0
2024-11-20 20:37:08,760 [WARN] PackLoader:240 - Cannot read IP mode file for Infineon.AIROC-Wi-Fi-Bluetooth-STM32.1.6.0
2024-11-20 20:37:08,766 [WARN] PackLoader:240 - Cannot read IP mode file for wolfSSL.I-CUBE-wolfSSH.1.4.17
2024-11-20 20:37:08,767 [INFO] ThirdParty:978 - Integrity check success = true
2024-11-20 20:37:08,767 [INFO] IntegrityCheckThread:100 - exiting critical section [integrity check]
2024-11-20 20:37:08,767 [INFO] IntegrityCheckThread:103 - End integrity checks thread
2024-11-20 20:37:08,780 [INFO] WebApp:192 - Starting web application
2024-11-20 20:37:08,780 [INFO] WebApp:544 - Web application path used /opt/st/stm32cubeide_1.15.1/plugins/com.st.stm32cube.common.mx_6.11.1.202404110753/db/plugins/mcufinder/reactClient1/index.html
2024-11-20 20:37:29,083 [ERROR] LogOutputStream:75 - [STDERR_REDIRECT] Nov 20, 2024 8:37:29 PM java.util.prefs.FileSystemPreferences checkLockFile0ErrorCode
2024-11-20 20:37:29,084 [ERROR] LogOutputStream:75 - [STDERR_REDIRECT] WARNING: Could not lock System prefs. Unix error code 0.
2024-11-20 20:37:29,084 [ERROR] LogOutputStream:75 - [STDERR_REDIRECT] 
2024-11-20 20:37:29,086 [ERROR] LogOutputStream:75 - [STDERR_REDIRECT] Nov 20, 2024 8:37:29 PM java.util.prefs.FileSystemPreferences syncWorld
2024-11-20 20:37:29,086 [ERROR] LogOutputStream:75 - [STDERR_REDIRECT] WARNING: Couldn't flush system prefs: java.util.prefs.BackingStoreException: Couldn't get file lock.
2024-11-20 20:37:29,086 [ERROR] LogOutputStream:75 - [STDERR_REDIRECT] 
2024-11-20 20:37:59,063 [ERROR] LogOutputStream:75 - [STDERR_REDIRECT] Nov 20, 2024 8:37:59 PM java.util.prefs.FileSystemPreferences checkLockFile0ErrorCode
2024-11-20 20:37:59,063 [ERROR] LogOutputStream:75 - [STDERR_REDIRECT] WARNING: Could not lock System prefs. Unix error code 31992.
2024-11-20 20:37:59,063 [ERROR] LogOutputStream:75 - [STDERR_REDIRECT] 
2024-11-20 20:37:59,063 [ERROR] LogOutputStream:75 - [STDERR_REDIRECT] Nov 20, 2024 8:37:59 PM java.util.prefs.FileSystemPreferences syncWorld
2024-11-20 20:37:59,063 [ERROR] LogOutputStream:75 - [STDERR_REDIRECT] WARNING: Couldn't flush system prefs: java.util.prefs.BackingStoreException: Couldn't get file lock.
2024-11-20 20:37:59,063 [ERROR] LogOutputStream:75 - [STDERR_REDIRECT] 
2024-11-20 20:38:29,062 [ERROR] LogOutputStream:75 - [STDERR_REDIRECT] Nov 20, 2024 8:38:29 PM java.util.prefs.FileSystemPreferences checkLockFile0ErrorCode
2024-11-20 20:38:29,062 [ERROR] LogOutputStream:75 - [STDERR_REDIRECT] WARNING: Could not lock System prefs. Unix error code 31992.
2024-11-20 20:38:29,063 [ERROR] LogOutputStream:75 - [STDERR_REDIRECT] 
2024-11-20 20:38:29,063 [ERROR] LogOutputStream:75 - [STDERR_REDIRECT] Nov 20, 2024 8:38:29 PM java.util.prefs.FileSystemPreferences syncWorld
2024-11-20 20:38:29,064 [ERROR] LogOutputStream:75 - [STDERR_REDIRECT] WARNING: Couldn't flush system prefs: java.util.prefs.BackingStoreException: Couldn't get file lock.
2024-11-20 20:38:29,064 [ERROR] LogOutputStream:75 - [STDERR_REDIRECT] 
2024-11-20 20:38:59,064 [ERROR] LogOutputStream:75 - [STDERR_REDIRECT] Nov 20, 2024 8:38:59 PM java.util.prefs.FileSystemPreferences checkLockFile0ErrorCode
2024-11-20 20:38:59,064 [ERROR] LogOutputStream:75 - [STDERR_REDIRECT] WARNING: Could not lock System prefs. Unix error code 31992.
2024-11-20 20:38:59,064 [ERROR] LogOutputStream:75 - [STDERR_REDIRECT] 
2024-11-20 20:38:59,065 [ERROR] LogOutputStream:75 - [STDERR_REDIRECT] Nov 20, 2024 8:38:59 PM java.util.prefs.FileSystemPreferences syncWorld
2024-11-20 20:38:59,065 [ERROR] LogOutputStream:75 - [STDERR_REDIRECT] WARNING: Couldn't flush system prefs: java.util.prefs.BackingStoreException: Couldn't get file lock.
2024-11-20 20:38:59,065 [ERROR] LogOutputStream:75 - [STDERR_REDIRECT] 
2024-11-20 20:39:29,062 [ERROR] LogOutputStream:75 - [STDERR_REDIRECT] Nov 20, 2024 8:39:29 PM java.util.prefs.FileSystemPreferences checkLockFile0ErrorCode
2024-11-20 20:39:29,062 [ERROR] LogOutputStream:75 - [STDERR_REDIRECT] WARNING: Could not lock System prefs. Unix error code 31992.
2024-11-20 20:39:29,062 [ERROR] LogOutputStream:75 - [STDERR_REDIRECT] 
2024-11-20 20:39:29,062 [ERROR] LogOutputStream:75 - [STDERR_REDIRECT] Nov 20, 2024 8:39:29 PM java.util.prefs.FileSystemPreferences syncWorld
2024-11-20 20:39:29,063 [ERROR] LogOutputStream:75 - [STDERR_REDIRECT] WARNING: Couldn't flush system prefs: java.util.prefs.BackingStoreException: Couldn't get file lock.
2024-11-20 20:39:29,063 [ERROR] LogOutputStream:75 - [STDERR_REDIRECT] 
